  [1m[35m (142.3ms)[0m  [1m[35mCREATE DATABASE "rails-1A-assoc_development" ENCODING = 'unicode'[0m
  ↳ bin/rails:9
  [1m[35m (76.5ms)[0m  [1m[35mCREATE DATABASE "rails-1A-assoc_test" ENCODING = 'unicode'[0m
  ↳ bin/rails:9
  [1m[35mSQL (0.5ms)[0m  [1m[35mCREATE EXTENSION IF NOT EXISTS "plpgsql"[0m
  ↳ db/schema.rb:16
  [1m[35m (0.3ms)[0m  [1m[35mDROP TABLE IF EXISTS "cart_items" CASCADE[0m
  ↳ db/schema.rb:18
  [1m[35m (10.3ms)[0m  [1m[35mCREATE TABLE "cart_items" ("id" bigserial primary key, "cart_id" integer NOT NULL, "dish_id" integer NOT NULL, "created_at" timestamp NOT NULL, "updated_at" timestamp NOT NULL)[0m
  ↳ db/schema.rb:18
  [1m[35m (1.8ms)[0m  [1m[35mCREATE  INDEX  "index_cart_items_on_cart_id" ON "cart_items"  ("cart_id")[0m
  ↳ db/schema.rb:18
  [1m[35m (1.5ms)[0m  [1m[35mCREATE  INDEX  "index_cart_items_on_dish_id" ON "cart_items"  ("dish_id")[0m
  ↳ db/schema.rb:18
  [1m[35m (0.2ms)[0m  [1m[35mDROP TABLE IF EXISTS "carts" CASCADE[0m
  ↳ db/schema.rb:27
  [1m[35m (2.7ms)[0m  [1m[35mCREATE TABLE "carts" ("id" bigserial primary key, "user_id" integer NOT NULL, "created_at" timestamp NOT NULL, "updated_at" timestamp NOT NULL)[0m
  ↳ db/schema.rb:27
  [1m[35m (1.9ms)[0m  [1m[35mCREATE UNIQUE INDEX  "index_carts_on_user_id" ON "carts"  ("user_id")[0m
  ↳ db/schema.rb:27
  [1m[35m (0.2ms)[0m  [1m[35mDROP TABLE IF EXISTS "dishes" CASCADE[0m
  ↳ db/schema.rb:34
  [1m[35m (5.2ms)[0m  [1m[35mCREATE TABLE "dishes" ("id" bigserial primary key, "name" character varying NOT NULL, "description" text NOT NULL, "restaurant_id" integer NOT NULL, "created_at" timestamp NOT NULL, "updated_at" timestamp NOT NULL)[0m
  ↳ db/schema.rb:34
  [1m[35m (1.7ms)[0m  [1m[35mCREATE  INDEX  "index_dishes_on_restaurant_id" ON "dishes"  ("restaurant_id")[0m
  ↳ db/schema.rb:34
  [1m[35m (0.3ms)[0m  [1m[35mDROP TABLE IF EXISTS "restaurants" CASCADE[0m
  ↳ db/schema.rb:43
  [1m[35m (6.1ms)[0m  [1m[35mCREATE TABLE "restaurants" ("id" bigserial primary key, "name" character varying NOT NULL, "address" character varying NOT NULL, "created_at" timestamp NOT NULL, "updated_at" timestamp NOT NULL, "owner_id" integer)[0m
  ↳ db/schema.rb:43
  [1m[35m (3.2ms)[0m  [1m[35mCREATE  INDEX  "index_restaurants_on_owner_id" ON "restaurants"  ("owner_id")[0m
  ↳ db/schema.rb:43
  [1m[35m (0.2ms)[0m  [1m[35mDROP TABLE IF EXISTS "reviews" CASCADE[0m
  ↳ db/schema.rb:52
  [1m[35m (3.9ms)[0m  [1m[35mCREATE TABLE "reviews" ("id" bigserial primary key, "body" text NOT NULL, "rating" integer NOT NULL, "user_id" integer NOT NULL, "restaurant_id" integer NOT NULL, "created_at" timestamp NOT NULL, "updated_at" timestamp NOT NULL)[0m
  ↳ db/schema.rb:52
  [1m[35m (2.3ms)[0m  [1m[35mCREATE  INDEX  "index_reviews_on_restaurant_id" ON "reviews"  ("restaurant_id")[0m
  ↳ db/schema.rb:52
  [1m[35m (1.4ms)[0m  [1m[35mCREATE  INDEX  "index_reviews_on_user_id" ON "reviews"  ("user_id")[0m
  ↳ db/schema.rb:52
  [1m[35m (0.3ms)[0m  [1m[35mDROP TABLE IF EXISTS "users" CASCADE[0m
  ↳ db/schema.rb:63
  [1m[35m (15.0ms)[0m  [1m[35mCREATE TABLE "users" ("id" bigserial primary key, "username" character varying NOT NULL, "password" character varying NOT NULL, "created_at" timestamp NOT NULL, "updated_at" timestamp NOT NULL)[0m
  ↳ db/schema.rb:63
  [1m[35m (2.6ms)[0m  [1m[35mCREATE UNIQUE INDEX  "index_users_on_username" ON "users"  ("username")[0m
  ↳ db/schema.rb:63
  [1m[35m (4.5ms)[0m  [1m[35mCREATE TABLE "schema_migrations" ("version" character varying NOT NULL PRIMARY KEY)[0m
  ↳ db/schema.rb:13
  [1m[35m (0.6ms)[0m  [1m[34mSELECT "schema_migrations"."version" FROM "schema_migrations" ORDER BY "schema_migrations"."version" ASC[0m
  ↳ db/schema.rb:13
  [1m[35m (0.7ms)[0m  [1m[32mINSERT INTO "schema_migrations" (version) VALUES (20200128223124)[0m
  ↳ db/schema.rb:13
  [1m[35m (0.6ms)[0m  [1m[32mINSERT INTO "schema_migrations" (version) VALUES
(20200128220826),
(20200128214343),
(20200128222950),
(20200128214354),
(20200128214349),
(20200128214326),
(20200128214319);

[0m
  ↳ db/schema.rb:13
  [1m[35m (3.0ms)[0m  [1m[35mCREATE TABLE "ar_internal_metadata" ("key" character varying NOT NULL PRIMARY KEY, "value" character varying, "created_at" timestamp NOT NULL, "updated_at" timestamp NOT NULL)[0m
  ↳ db/schema.rb:13
  [1m[36mActiveRecord::InternalMetadata Load (0.7ms)[0m  [1m[34mSELECT  "ar_internal_metadata".* FROM "ar_internal_metadata" WHERE "ar_internal_metadata"."key" = $1 LIMIT $2[0m  [["key", "environment"], ["LIMIT", 1]]
  ↳ db/schema.rb:13
  [1m[35m (0.2ms)[0m  [1m[35mBEGIN[0m
  ↳ db/schema.rb:13
  [1m[36mActiveRecord::InternalMetadata Create (0.5ms)[0m  [1m[32mINSERT INTO "ar_internal_metadata" ("key", "value", "created_at", "updated_at") VALUES ($1, $2, $3, $4) RETURNING "key"[0m  [["key", "environment"], ["value", "development"], ["created_at", "2020-09-01 16:43:54.045648"], ["updated_at", "2020-09-01 16:43:54.045648"]]
  ↳ db/schema.rb:13
  [1m[35m (0.2ms)[0m  [1m[35mCOMMIT[0m
  ↳ db/schema.rb:13
  [1m[36mActiveRecord::InternalMetadata Load (0.3ms)[0m  [1m[34mSELECT  "ar_internal_metadata".* FROM "ar_internal_metadata" WHERE "ar_internal_metadata"."key" = $1 LIMIT $2[0m  [["key", "environment"], ["LIMIT", 1]]
  ↳ bin/rails:9
  [1m[35m (0.1ms)[0m  [1m[35mBEGIN[0m
  ↳ bin/rails:9
  [1m[35m (0.1ms)[0m  [1m[35mCOMMIT[0m
  ↳ bin/rails:9
  [1m[35mSQL (0.6ms)[0m  [1m[35mCREATE EXTENSION IF NOT EXISTS "plpgsql"[0m
  ↳ db/schema.rb:16
  [1m[35m (0.3ms)[0m  [1m[35mDROP TABLE IF EXISTS "cart_items" CASCADE[0m
  ↳ db/schema.rb:18
  [1m[35m (10.4ms)[0m  [1m[35mCREATE TABLE "cart_items" ("id" bigserial primary key, "cart_id" integer NOT NULL, "dish_id" integer NOT NULL, "created_at" timestamp NOT NULL, "updated_at" timestamp NOT NULL)[0m
  ↳ db/schema.rb:18
  [1m[35m (1.9ms)[0m  [1m[35mCREATE  INDEX  "index_cart_items_on_cart_id" ON "cart_items"  ("cart_id")[0m
  ↳ db/schema.rb:18
  [1m[35m (1.3ms)[0m  [1m[35mCREATE  INDEX  "index_cart_items_on_dish_id" ON "cart_items"  ("dish_id")[0m
  ↳ db/schema.rb:18
  [1m[35m (0.2ms)[0m  [1m[35mDROP TABLE IF EXISTS "carts" CASCADE[0m
  ↳ db/schema.rb:27
  [1m[35m (3.6ms)[0m  [1m[35mCREATE TABLE "carts" ("id" bigserial primary key, "user_id" integer NOT NULL, "created_at" timestamp NOT NULL, "updated_at" timestamp NOT NULL)[0m
  ↳ db/schema.rb:27
  [1m[35m (1.2ms)[0m  [1m[35mCREATE UNIQUE INDEX  "index_carts_on_user_id" ON "carts"  ("user_id")[0m
  ↳ db/schema.rb:27
  [1m[35m (0.2ms)[0m  [1m[35mDROP TABLE IF EXISTS "dishes" CASCADE[0m
  ↳ db/schema.rb:34
  [1m[35m (3.4ms)[0m  [1m[35mCREATE TABLE "dishes" ("id" bigserial primary key, "name" character varying NOT NULL, "description" text NOT NULL, "restaurant_id" integer NOT NULL, "created_at" timestamp NOT NULL, "updated_at" timestamp NOT NULL)[0m
  ↳ db/schema.rb:34
  [1m[35m (1.3ms)[0m  [1m[35mCREATE  INDEX  "index_dishes_on_restaurant_id" ON "dishes"  ("restaurant_id")[0m
  ↳ db/schema.rb:34
  [1m[35m (0.2ms)[0m  [1m[35mDROP TABLE IF EXISTS "restaurants" CASCADE[0m
  ↳ db/schema.rb:43
  [1m[35m (5.8ms)[0m  [1m[35mCREATE TABLE "restaurants" ("id" bigserial primary key, "name" character varying NOT NULL, "address" character varying NOT NULL, "created_at" timestamp NOT NULL, "updated_at" timestamp NOT NULL, "owner_id" integer)[0m
  ↳ db/schema.rb:43
  [1m[35m (2.2ms)[0m  [1m[35mCREATE  INDEX  "index_restaurants_on_owner_id" ON "restaurants"  ("owner_id")[0m
  ↳ db/schema.rb:43
  [1m[35m (0.2ms)[0m  [1m[35mDROP TABLE IF EXISTS "reviews" CASCADE[0m
  ↳ db/schema.rb:52
  [1m[35m (7.2ms)[0m  [1m[35mCREATE TABLE "reviews" ("id" bigserial primary key, "body" text NOT NULL, "rating" integer NOT NULL, "user_id" integer NOT NULL, "restaurant_id" integer NOT NULL, "created_at" timestamp NOT NULL, "updated_at" timestamp NOT NULL)[0m
  ↳ db/schema.rb:52
  [1m[35m (2.4ms)[0m  [1m[35mCREATE  INDEX  "index_reviews_on_restaurant_id" ON "reviews"  ("restaurant_id")[0m
  ↳ db/schema.rb:52
  [1m[35m (1.9ms)[0m  [1m[35mCREATE  INDEX  "index_reviews_on_user_id" ON "reviews"  ("user_id")[0m
  ↳ db/schema.rb:52
  [1m[35m (0.2ms)[0m  [1m[35mDROP TABLE IF EXISTS "users" CASCADE[0m
  ↳ db/schema.rb:63
  [1m[35m (3.9ms)[0m  [1m[35mCREATE TABLE "users" ("id" bigserial primary key, "username" character varying NOT NULL, "password" character varying NOT NULL, "created_at" timestamp NOT NULL, "updated_at" timestamp NOT NULL)[0m
  ↳ db/schema.rb:63
  [1m[35m (1.4ms)[0m  [1m[35mCREATE UNIQUE INDEX  "index_users_on_username" ON "users"  ("username")[0m
  ↳ db/schema.rb:63
  [1m[35m (4.9ms)[0m  [1m[35mCREATE TABLE "schema_migrations" ("version" character varying NOT NULL PRIMARY KEY)[0m
  ↳ db/schema.rb:13
  [1m[35m (1.1ms)[0m  [1m[34mSELECT "schema_migrations"."version" FROM "schema_migrations" ORDER BY "schema_migrations"."version" ASC[0m
  ↳ db/schema.rb:13
  [1m[35m (0.7ms)[0m  [1m[32mINSERT INTO "schema_migrations" (version) VALUES (20200128223124)[0m
  ↳ db/schema.rb:13
  [1m[35m (0.4ms)[0m  [1m[32mINSERT INTO "schema_migrations" (version) VALUES
(20200128220826),
(20200128214343),
(20200128222950),
(20200128214354),
(20200128214349),
(20200128214326),
(20200128214319);

[0m
  ↳ db/schema.rb:13
  [1m[35m (3.3ms)[0m  [1m[35mCREATE TABLE "ar_internal_metadata" ("key" character varying NOT NULL PRIMARY KEY, "value" character varying, "created_at" timestamp NOT NULL, "updated_at" timestamp NOT NULL)[0m
  ↳ db/schema.rb:13
  [1m[36mActiveRecord::InternalMetadata Load (0.4ms)[0m  [1m[34mSELECT  "ar_internal_metadata".* FROM "ar_internal_metadata" WHERE "ar_internal_metadata"."key" = $1 LIMIT $2[0m  [["key", "environment"], ["LIMIT", 1]]
  ↳ db/schema.rb:13
  [1m[35m (0.2ms)[0m  [1m[35mBEGIN[0m
  ↳ db/schema.rb:13
  [1m[36mActiveRecord::InternalMetadata Create (1.0ms)[0m  [1m[32mINSERT INTO "ar_internal_metadata" ("key", "value", "created_at", "updated_at") VALUES ($1, $2, $3, $4) RETURNING "key"[0m  [["key", "environment"], ["value", "development"], ["created_at", "2020-09-01 16:43:54.189179"], ["updated_at", "2020-09-01 16:43:54.189179"]]
  ↳ db/schema.rb:13
  [1m[35m (0.3ms)[0m  [1m[35mCOMMIT[0m
  ↳ db/schema.rb:13
  [1m[36mActiveRecord::InternalMetadata Load (0.3ms)[0m  [1m[34mSELECT  "ar_internal_metadata".* FROM "ar_internal_metadata" WHERE "ar_internal_metadata"."key" = $1 LIMIT $2[0m  [["key", "environment"], ["LIMIT", 1]]
  ↳ bin/rails:9
  [1m[35m (0.1ms)[0m  [1m[35mBEGIN[0m
  ↳ bin/rails:9
  [1m[36mActiveRecord::InternalMetadata Update (0.4ms)[0m  [1m[33mUPDATE "ar_internal_metadata" SET "value" = $1, "updated_at" = $2 WHERE "ar_internal_metadata"."key" = $3[0m  [["value", "test"], ["updated_at", "2020-09-01 16:43:54.193933"], ["key", "environment"]]
  ↳ bin/rails:9
  [1m[35m (0.3ms)[0m  [1m[35mCOMMIT[0m
  ↳ bin/rails:9
  [1m[35m (1.8ms)[0m  [1m[34mSELECT "schema_migrations"."version" FROM "schema_migrations" ORDER BY "schema_migrations"."version" ASC[0m
  ↳ bin/rails:9
  [1m[35m (0.2ms)[0m  [1m[35mBEGIN[0m
  ↳ db/seeds.rb:14
  [1m[36mUser Destroy (1.1ms)[0m  [1m[31mDELETE FROM "users"[0m
  ↳ db/seeds.rb:15
  [1m[36mRestaurant Destroy (0.5ms)[0m  [1m[31mDELETE FROM "restaurants"[0m
  ↳ db/seeds.rb:16
  [1m[36mCart Destroy (0.4ms)[0m  [1m[31mDELETE FROM "carts"[0m
  ↳ db/seeds.rb:17
  [1m[36mDish Destroy (0.6ms)[0m  [1m[31mDELETE FROM "dishes"[0m
  ↳ db/seeds.rb:18
  [1m[36mReview Destroy (0.8ms)[0m  [1m[31mDELETE FROM "reviews"[0m
  ↳ db/seeds.rb:19
  [1m[36mCartItem Destroy (0.8ms)[0m  [1m[31mDELETE FROM "cart_items"[0m
  ↳ db/seeds.rb:20
  [1m[36mUser Create (0.7ms)[0m  [1m[32mINSERT INTO "users" ("id", "username", "password", "created_at", "updated_at") VALUES ($1, $2, $3, $4, $5) RETURNING "id"[0m  [["id", 14388], ["username", "randy"], ["password", "bobandy"], ["created_at", "2020-09-01 16:43:54.253007"], ["updated_at", "2020-09-01 16:43:54.253007"]]
  ↳ db/seeds.rb:22
  [1m[36mUser Create (0.3ms)[0m  [1m[32mINSERT INTO "users" ("id", "username", "password", "created_at", "updated_at") VALUES ($1, $2, $3, $4, $5) RETURNING "id"[0m  [["id", 68199], ["username", "donald"], ["password", "mcronald"], ["created_at", "2020-09-01 16:43:54.254577"], ["updated_at", "2020-09-01 16:43:54.254577"]]
  ↳ db/seeds.rb:28
  [1m[36mRestaurant Create (0.5ms)[0m  [1m[32mINSERT INTO "restaurants" ("id", "name", "address", "created_at", "updated_at", "owner_id") VALUES ($1, $2, $3, $4, $5, $6) RETURNING "id"[0m  [["id", 9980], ["name", "Bobandys Burgers"], ["address", "1991 Sunnyvale blvd"], ["created_at", "2020-09-01 16:43:54.263021"], ["updated_at", "2020-09-01 16:43:54.263021"], ["owner_id", 14388]]
  ↳ db/seeds.rb:34
  [1m[36mRestaurant Create (0.3ms)[0m  [1m[32mINSERT INTO "restaurants" ("id", "name", "address", "created_at", "updated_at", "owner_id") VALUES ($1, $2, $3, $4, $5, $6) RETURNING "id"[0m  [["id", 28105], ["name", "McRonalds"], ["address", "86 Hachiroku dr"], ["created_at", "2020-09-01 16:43:54.264264"], ["updated_at", "2020-09-01 16:43:54.264264"], ["owner_id", 68199]]
  ↳ db/seeds.rb:41
  [1m[36mCart Create (0.4ms)[0m  [1m[32mINSERT INTO "carts" ("id", "user_id", "created_at", "updated_at") VALUES ($1, $2, $3, $4) RETURNING "id"[0m  [["id", 19199], ["user_id", 14388], ["created_at", "2020-09-01 16:43:54.270852"], ["updated_at", "2020-09-01 16:43:54.270852"]]
  ↳ db/seeds.rb:48
  [1m[36mDish Create (0.5ms)[0m  [1m[32mINSERT INTO "dishes" ("id", "name", "description", "restaurant_id", "created_at", "updated_at") VALUES ($1, $2, $3, $4, $5, $6) RETURNING "id"[0m  [["id", 33259], ["name", "Burrito Burger"], ["description", "A burrito but also a burger"], ["restaurant_id", 9980], ["created_at", "2020-09-01 16:43:54.281165"], ["updated_at", "2020-09-01 16:43:54.281165"]]
  ↳ db/seeds.rb:53
  [1m[36mReview Create (0.6ms)[0m  [1m[32mINSERT INTO "reviews" ("id", "body", "rating", "user_id", "restaurant_id", "created_at", "updated_at") VALUES ($1, $2, $3, $4, $5, $6, $7) RETURNING "id"[0m  [["id", 82614], ["body", "Best restaurant in Nova Scotia."], ["rating", 5], ["user_id", 68199], ["restaurant_id", 9980], ["created_at", "2020-09-01 16:43:54.290397"], ["updated_at", "2020-09-01 16:43:54.290397"]]
  ↳ db/seeds.rb:60
  [1m[36mReview Create (0.3ms)[0m  [1m[32mINSERT INTO "reviews" ("id", "body", "rating", "user_id", "restaurant_id", "created_at", "updated_at") VALUES ($1, $2, $3, $4, $5, $6, $7) RETURNING "id"[0m  [["id", 93859], ["body", "I got sick from eating here."], ["rating", 1], ["user_id", 14388], ["restaurant_id", 28105], ["created_at", "2020-09-01 16:43:54.291808"], ["updated_at", "2020-09-01 16:43:54.291808"]]
  ↳ db/seeds.rb:68
  [1m[36mCartItem Create (0.6ms)[0m  [1m[32mINSERT INTO "cart_items" ("id", "cart_id", "dish_id", "created_at", "updated_at") VALUES ($1, $2, $3, $4, $5) RETURNING "id"[0m  [["id", 57204], ["cart_id", 19199], ["dish_id", 33259], ["created_at", "2020-09-01 16:43:54.299930"], ["updated_at", "2020-09-01 16:43:54.299930"]]
  ↳ db/seeds.rb:76
  [1m[35m (0.5ms)[0m  [1m[35mCOMMIT[0m
  ↳ db/seeds.rb:14
  [1m[35m (0.6ms)[0m  [1m[34mSELECT "schema_migrations"."version" FROM "schema_migrations" ORDER BY "schema_migrations"."version" ASC[0m
  ↳ bin/rails:9
  [1m[35m (0.3ms)[0m  [1m[34mSELECT "ar_internal_metadata"."value" FROM "ar_internal_metadata" WHERE "ar_internal_metadata"."key" = $1[0m  [["key", "environment"]]
  ↳ bin/rails:9
  [1m[35m (0.2ms)[0m  [1m[34mSELECT "schema_migrations"."version" FROM "schema_migrations" ORDER BY "schema_migrations"."version" ASC[0m
  ↳ bin/rails:9
  [1m[35m (0.1ms)[0m  [1m[34mSELECT "ar_internal_metadata"."value" FROM "ar_internal_metadata" WHERE "ar_internal_metadata"."key" = $1[0m  [["key", "environment"]]
  ↳ bin/rails:9
  [1m[35m (0.2ms)[0m  [1m[34mSELECT "schema_migrations"."version" FROM "schema_migrations" ORDER BY "schema_migrations"."version" ASC[0m
  ↳ bin/rails:9
  [1m[35m (0.1ms)[0m  [1m[34mSELECT "ar_internal_metadata"."value" FROM "ar_internal_metadata" WHERE "ar_internal_metadata"."key" = $1[0m  [["key", "environment"]]
  ↳ bin/rails:9
  [1m[35mSQL (0.2ms)[0m  [1m[35mCREATE EXTENSION IF NOT EXISTS "plpgsql"[0m
  ↳ db/schema.rb:16
  [1m[35m (3.5ms)[0m  [1m[35mDROP TABLE IF EXISTS "cart_items" CASCADE[0m
  ↳ db/schema.rb:18
  [1m[35m (3.3ms)[0m  [1m[35mCREATE TABLE "cart_items" ("id" bigserial primary key, "cart_id" integer NOT NULL, "dish_id" integer NOT NULL, "created_at" timestamp NOT NULL, "updated_at" timestamp NOT NULL)[0m
  ↳ db/schema.rb:18
  [1m[35m (1.2ms)[0m  [1m[35mCREATE  INDEX  "index_cart_items_on_cart_id" ON "cart_items"  ("cart_id")[0m
  ↳ db/schema.rb:18
  [1m[35m (1.4ms)[0m  [1m[35mCREATE  INDEX  "index_cart_items_on_dish_id" ON "cart_items"  ("dish_id")[0m
  ↳ db/schema.rb:18
  [1m[35m (2.3ms)[0m  [1m[35mDROP TABLE IF EXISTS "carts" CASCADE[0m
  ↳ db/schema.rb:27
  [1m[35m (2.6ms)[0m  [1m[35mCREATE TABLE "carts" ("id" bigserial primary key, "user_id" integer NOT NULL, "created_at" timestamp NOT NULL, "updated_at" timestamp NOT NULL)[0m
  ↳ db/schema.rb:27
  [1m[35m (1.3ms)[0m  [1m[35mCREATE UNIQUE INDEX  "index_carts_on_user_id" ON "carts"  ("user_id")[0m
  ↳ db/schema.rb:27
  [1m[35m (2.3ms)[0m  [1m[35mDROP TABLE IF EXISTS "dishes" CASCADE[0m
  ↳ db/schema.rb:34
  [1m[35m (5.0ms)[0m  [1m[35mCREATE TABLE "dishes" ("id" bigserial primary key, "name" character varying NOT NULL, "description" text NOT NULL, "restaurant_id" integer NOT NULL, "created_at" timestamp NOT NULL, "updated_at" timestamp NOT NULL)[0m
  ↳ db/schema.rb:34
  [1m[35m (1.7ms)[0m  [1m[35mCREATE  INDEX  "index_dishes_on_restaurant_id" ON "dishes"  ("restaurant_id")[0m
  ↳ db/schema.rb:34
  [1m[35m (2.6ms)[0m  [1m[35mDROP TABLE IF EXISTS "restaurants" CASCADE[0m
  ↳ db/schema.rb:43
  [1m[35m (3.7ms)[0m  [1m[35mCREATE TABLE "restaurants" ("id" bigserial primary key, "name" character varying NOT NULL, "address" character varying NOT NULL, "created_at" timestamp NOT NULL, "updated_at" timestamp NOT NULL, "owner_id" integer)[0m
  ↳ db/schema.rb:43
  [1m[35m (1.4ms)[0m  [1m[35mCREATE  INDEX  "index_restaurants_on_owner_id" ON "restaurants"  ("owner_id")[0m
  ↳ db/schema.rb:43
  [1m[35m (3.4ms)[0m  [1m[35mDROP TABLE IF EXISTS "reviews" CASCADE[0m
  ↳ db/schema.rb:52
  [1m[35m (4.2ms)[0m  [1m[35mCREATE TABLE "reviews" ("id" bigserial primary key, "body" text NOT NULL, "rating" integer NOT NULL, "user_id" integer NOT NULL, "restaurant_id" integer NOT NULL, "created_at" timestamp NOT NULL, "updated_at" timestamp NOT NULL)[0m
  ↳ db/schema.rb:52
  [1m[35m (1.2ms)[0m  [1m[35mCREATE  INDEX  "index_reviews_on_restaurant_id" ON "reviews"  ("restaurant_id")[0m
  ↳ db/schema.rb:52
  [1m[35m (1.4ms)[0m  [1m[35mCREATE  INDEX  "index_reviews_on_user_id" ON "reviews"  ("user_id")[0m
  ↳ db/schema.rb:52
  [1m[35m (3.7ms)[0m  [1m[35mDROP TABLE IF EXISTS "users" CASCADE[0m
  ↳ db/schema.rb:63
  [1m[35m (4.6ms)[0m  [1m[35mCREATE TABLE "users" ("id" bigserial primary key, "username" character varying NOT NULL, "password" character varying NOT NULL, "created_at" timestamp NOT NULL, "updated_at" timestamp NOT NULL)[0m
  ↳ db/schema.rb:63
  [1m[35m (1.2ms)[0m  [1m[35mCREATE UNIQUE INDEX  "index_users_on_username" ON "users"  ("username")[0m
  ↳ db/schema.rb:63
  [1m[35m (0.8ms)[0m  [1m[34mSELECT "schema_migrations"."version" FROM "schema_migrations" ORDER BY "schema_migrations"."version" ASC[0m
  ↳ db/schema.rb:13
  [1m[36mActiveRecord::InternalMetadata Load (1.1ms)[0m  [1m[34mSELECT  "ar_internal_metadata".* FROM "ar_internal_metadata" WHERE "ar_internal_metadata"."key" = $1 LIMIT $2[0m  [["key", "environment"], ["LIMIT", 1]]
  ↳ db/schema.rb:13
  [1m[35m (0.1ms)[0m  [1m[35mBEGIN[0m
  ↳ db/schema.rb:13
  [1m[35m (0.2ms)[0m  [1m[35mCOMMIT[0m
  ↳ db/schema.rb:13
  [1m[36mActiveRecord::InternalMetadata Load (0.3ms)[0m  [1m[34mSELECT  "ar_internal_metadata".* FROM "ar_internal_metadata" WHERE "ar_internal_metadata"."key" = $1 LIMIT $2[0m  [["key", "environment"], ["LIMIT", 1]]
  ↳ bin/rails:9
  [1m[35m (0.1ms)[0m  [1m[35mBEGIN[0m
  ↳ bin/rails:9
  [1m[35m (0.1ms)[0m  [1m[35mCOMMIT[0m
  ↳ bin/rails:9
  [1m[35mSQL (0.4ms)[0m  [1m[35mCREATE EXTENSION IF NOT EXISTS "plpgsql"[0m
  ↳ db/schema.rb:16
  [1m[35m (5.4ms)[0m  [1m[35mDROP TABLE IF EXISTS "cart_items" CASCADE[0m
  ↳ db/schema.rb:18
  [1m[35m (5.0ms)[0m  [1m[35mCREATE TABLE "cart_items" ("id" bigserial primary key, "cart_id" integer NOT NULL, "dish_id" integer NOT NULL, "created_at" timestamp NOT NULL, "updated_at" timestamp NOT NULL)[0m
  ↳ db/schema.rb:18
  [1m[35m (2.1ms)[0m  [1m[35mCREATE  INDEX  "index_cart_items_on_cart_id" ON "cart_items"  ("cart_id")[0m
  ↳ db/schema.rb:18
  [1m[35m (2.1ms)[0m  [1m[35mCREATE  INDEX  "index_cart_items_on_dish_id" ON "cart_items"  ("dish_id")[0m
  ↳ db/schema.rb:18
  [1m[35m (2.4ms)[0m  [1m[35mDROP TABLE IF EXISTS "carts" CASCADE[0m
  ↳ db/schema.rb:27
  [1m[35m (2.9ms)[0m  [1m[35mCREATE TABLE "carts" ("id" bigserial primary key, "user_id" integer NOT NULL, "created_at" timestamp NOT NULL, "updated_at" timestamp NOT NULL)[0m
  ↳ db/schema.rb:27
  [1m[35m (1.1ms)[0m  [1m[35mCREATE UNIQUE INDEX  "index_carts_on_user_id" ON "carts"  ("user_id")[0m
  ↳ db/schema.rb:27
  [1m[35m (4.6ms)[0m  [1m[35mDROP TABLE IF EXISTS "dishes" CASCADE[0m
  ↳ db/schema.rb:34
  [1m[35m (4.1ms)[0m  [1m[35mCREATE TABLE "dishes" ("id" bigserial primary key, "name" character varying NOT NULL, "description" text NOT NULL, "restaurant_id" integer NOT NULL, "created_at" timestamp NOT NULL, "updated_at" timestamp NOT NULL)[0m
  ↳ db/schema.rb:34
  [1m[35m (1.4ms)[0m  [1m[35mCREATE  INDEX  "index_dishes_on_restaurant_id" ON "dishes"  ("restaurant_id")[0m
  ↳ db/schema.rb:34
  [1m[35m (2.0ms)[0m  [1m[35mDROP TABLE IF EXISTS "restaurants" CASCADE[0m
  ↳ db/schema.rb:43
  [1m[35m (5.0ms)[0m  [1m[35mCREATE TABLE "restaurants" ("id" bigserial primary key, "name" character varying NOT NULL, "address" character varying NOT NULL, "created_at" timestamp NOT NULL, "updated_at" timestamp NOT NULL, "owner_id" integer)[0m
  ↳ db/schema.rb:43
  [1m[35m (1.7ms)[0m  [1m[35mCREATE  INDEX  "index_restaurants_on_owner_id" ON "restaurants"  ("owner_id")[0m
  ↳ db/schema.rb:43
  [1m[35m (2.6ms)[0m  [1m[35mDROP TABLE IF EXISTS "reviews" CASCADE[0m
  ↳ db/schema.rb:52
  [1m[35m (5.2ms)[0m  [1m[35mCREATE TABLE "reviews" ("id" bigserial primary key, "body" text NOT NULL, "rating" integer NOT NULL, "user_id" integer NOT NULL, "restaurant_id" integer NOT NULL, "created_at" timestamp NOT NULL, "updated_at" timestamp NOT NULL)[0m
  ↳ db/schema.rb:52
  [1m[35m (1.0ms)[0m  [1m[35mCREATE  INDEX  "index_reviews_on_restaurant_id" ON "reviews"  ("restaurant_id")[0m
  ↳ db/schema.rb:52
  [1m[35m (1.0ms)[0m  [1m[35mCREATE  INDEX  "index_reviews_on_user_id" ON "reviews"  ("user_id")[0m
  ↳ db/schema.rb:52
  [1m[35m (2.2ms)[0m  [1m[35mDROP TABLE IF EXISTS "users" CASCADE[0m
  ↳ db/schema.rb:63
  [1m[35m (3.9ms)[0m  [1m[35mCREATE TABLE "users" ("id" bigserial primary key, "username" character varying NOT NULL, "password" character varying NOT NULL, "created_at" timestamp NOT NULL, "updated_at" timestamp NOT NULL)[0m
  ↳ db/schema.rb:63
  [1m[35m (1.7ms)[0m  [1m[35mCREATE UNIQUE INDEX  "index_users_on_username" ON "users"  ("username")[0m
  ↳ db/schema.rb:63
  [1m[35m (1.2ms)[0m  [1m[34mSELECT "schema_migrations"."version" FROM "schema_migrations" ORDER BY "schema_migrations"."version" ASC[0m
  ↳ db/schema.rb:13
  [1m[36mActiveRecord::InternalMetadata Load (0.4ms)[0m  [1m[34mSELECT  "ar_internal_metadata".* FROM "ar_internal_metadata" WHERE "ar_internal_metadata"."key" = $1 LIMIT $2[0m  [["key", "environment"], ["LIMIT", 1]]
  ↳ db/schema.rb:13
  [1m[35m (0.1ms)[0m  [1m[35mBEGIN[0m
  ↳ db/schema.rb:13
  [1m[36mActiveRecord::InternalMetadata Update (0.3ms)[0m  [1m[33mUPDATE "ar_internal_metadata" SET "value" = $1, "updated_at" = $2 WHERE "ar_internal_metadata"."key" = $3[0m  [["value", "development"], ["updated_at", "2020-09-01 16:43:56.930553"], ["key", "environment"]]
  ↳ db/schema.rb:13
  [1m[35m (0.3ms)[0m  [1m[35mCOMMIT[0m
  ↳ db/schema.rb:13
  [1m[36mActiveRecord::InternalMetadata Load (0.2ms)[0m  [1m[34mSELECT  "ar_internal_metadata".* FROM "ar_internal_metadata" WHERE "ar_internal_metadata"."key" = $1 LIMIT $2[0m  [["key", "environment"], ["LIMIT", 1]]
  ↳ bin/rails:9
  [1m[35m (0.1ms)[0m  [1m[35mBEGIN[0m
  ↳ bin/rails:9
  [1m[36mActiveRecord::InternalMetadata Update (0.3ms)[0m  [1m[33mUPDATE "ar_internal_metadata" SET "value" = $1, "updated_at" = $2 WHERE "ar_internal_metadata"."key" = $3[0m  [["value", "test"], ["updated_at", "2020-09-01 16:43:56.933696"], ["key", "environment"]]
  ↳ bin/rails:9
  [1m[35m (0.3ms)[0m  [1m[35mCOMMIT[0m
  ↳ bin/rails:9
  [1m[35m (0.7ms)[0m  [1m[34mSELECT "schema_migrations"."version" FROM "schema_migrations" ORDER BY "schema_migrations"."version" ASC[0m
  ↳ bin/rails:9
  [1m[35m (0.1ms)[0m  [1m[35mBEGIN[0m
  ↳ db/seeds.rb:14
  [1m[36mUser Destroy (0.6ms)[0m  [1m[31mDELETE FROM "users"[0m
  ↳ db/seeds.rb:15
  [1m[36mRestaurant Destroy (0.4ms)[0m  [1m[31mDELETE FROM "restaurants"[0m
  ↳ db/seeds.rb:16
  [1m[36mCart Destroy (0.3ms)[0m  [1m[31mDELETE FROM "carts"[0m
  ↳ db/seeds.rb:17
  [1m[36mDish Destroy (0.4ms)[0m  [1m[31mDELETE FROM "dishes"[0m
  ↳ db/seeds.rb:18
  [1m[36mReview Destroy (0.5ms)[0m  [1m[31mDELETE FROM "reviews"[0m
  ↳ db/seeds.rb:19
  [1m[36mCartItem Destroy (0.4ms)[0m  [1m[31mDELETE FROM "cart_items"[0m
  ↳ db/seeds.rb:20
  [1m[36mUser Create (0.5ms)[0m  [1m[32mINSERT INTO "users" ("id", "username", "password", "created_at", "updated_at") VALUES ($1, $2, $3, $4, $5) RETURNING "id"[0m  [["id", 76527], ["username", "randy"], ["password", "bobandy"], ["created_at", "2020-09-01 16:43:59.334160"], ["updated_at", "2020-09-01 16:43:59.334160"]]
  ↳ db/seeds.rb:22
  [1m[36mUser Create (0.2ms)[0m  [1m[32mINSERT INTO "users" ("id", "username", "password", "created_at", "updated_at") VALUES ($1, $2, $3, $4, $5) RETURNING "id"[0m  [["id", 1015], ["username", "donald"], ["password", "mcronald"], ["created_at", "2020-09-01 16:43:59.335521"], ["updated_at", "2020-09-01 16:43:59.335521"]]
  ↳ db/seeds.rb:28
  [1m[36mRestaurant Create (0.5ms)[0m  [1m[32mINSERT INTO "restaurants" ("id", "name", "address", "created_at", "updated_at", "owner_id") VALUES ($1, $2, $3, $4, $5, $6) RETURNING "id"[0m  [["id", 32108], ["name", "Bobandys Burgers"], ["address", "1991 Sunnyvale blvd"], ["created_at", "2020-09-01 16:43:59.343905"], ["updated_at", "2020-09-01 16:43:59.343905"], ["owner_id", 76527]]
  ↳ db/seeds.rb:34
  [1m[36mRestaurant Create (0.3ms)[0m  [1m[32mINSERT INTO "restaurants" ("id", "name", "address", "created_at", "updated_at", "owner_id") VALUES ($1, $2, $3, $4, $5, $6) RETURNING "id"[0m  [["id", 88104], ["name", "McRonalds"], ["address", "86 Hachiroku dr"], ["created_at", "2020-09-01 16:43:59.345121"], ["updated_at", "2020-09-01 16:43:59.345121"], ["owner_id", 1015]]
  ↳ db/seeds.rb:41
  [1m[36mCart Create (0.4ms)[0m  [1m[32mINSERT INTO "carts" ("id", "user_id", "created_at", "updated_at") VALUES ($1, $2, $3, $4) RETURNING "id"[0m  [["id", 45026], ["user_id", 76527], ["created_at", "2020-09-01 16:43:59.351975"], ["updated_at", "2020-09-01 16:43:59.351975"]]
  ↳ db/seeds.rb:48
  [1m[36mDish Create (0.5ms)[0m  [1m[32mINSERT INTO "dishes" ("id", "name", "description", "restaurant_id", "created_at", "updated_at") VALUES ($1, $2, $3, $4, $5, $6) RETURNING "id"[0m  [["id", 25276], ["name", "Burrito Burger"], ["description", "A burrito but also a burger"], ["restaurant_id", 32108], ["created_at", "2020-09-01 16:43:59.360249"], ["updated_at", "2020-09-01 16:43:59.360249"]]
  ↳ db/seeds.rb:53
  [1m[36mReview Create (0.5ms)[0m  [1m[32mINSERT INTO "reviews" ("id", "body", "rating", "user_id", "restaurant_id", "created_at", "updated_at") VALUES ($1, $2, $3, $4, $5, $6, $7) RETURNING "id"[0m  [["id", 85336], ["body", "Best restaurant in Nova Scotia."], ["rating", 5], ["user_id", 1015], ["restaurant_id", 32108], ["created_at", "2020-09-01 16:43:59.369163"], ["updated_at", "2020-09-01 16:43:59.369163"]]
  ↳ db/seeds.rb:60
  [1m[36mReview Create (0.2ms)[0m  [1m[32mINSERT INTO "reviews" ("id", "body", "rating", "user_id", "restaurant_id", "created_at", "updated_at") VALUES ($1, $2, $3, $4, $5, $6, $7) RETURNING "id"[0m  [["id", 9809], ["body", "I got sick from eating here."], ["rating", 1], ["user_id", 76527], ["restaurant_id", 88104], ["created_at", "2020-09-01 16:43:59.370328"], ["updated_at", "2020-09-01 16:43:59.370328"]]
  ↳ db/seeds.rb:68
  [1m[36mCartItem Create (0.5ms)[0m  [1m[32mINSERT INTO "cart_items" ("id", "cart_id", "dish_id", "created_at", "updated_at") VALUES ($1, $2, $3, $4, $5) RETURNING "id"[0m  [["id", 84780], ["cart_id", 45026], ["dish_id", 25276], ["created_at", "2020-09-01 16:43:59.377794"], ["updated_at", "2020-09-01 16:43:59.377794"]]
  ↳ db/seeds.rb:76
  [1m[35m (0.8ms)[0m  [1m[35mCOMMIT[0m
  ↳ db/seeds.rb:14
